{
  "stats": {
    "suites": 1,
    "tests": 1,
    "passes": 1,
    "pending": 0,
    "failures": 0,
    "start": "2024-04-04T18:41:40.405Z",
    "end": "2024-04-04T18:41:40.711Z",
    "duration": 306,
    "testsRegistered": 1,
    "passPercent": 100,
    "pendingPercent": 0,
    "other": 0,
    "hasOther": false,
    "skipped": 0,
    "hasSkipped": false
  },
  "results": [
    {
      "uuid": "a512e776-5f4f-4eeb-96a8-615981d07d4d",
      "title": "",
      "fullFile": "C:\\Users\\pablo\\Desktop\\Coding\\JobingCode\\arc-mocha-sandbox\\tests\\testOne.test.js",
      "file": "\\tests\\testOne.test.js",
      "beforeHooks": [],
      "afterHooks": [],
      "tests": [],
      "suites": [
        {
          "uuid": "8ffd9960-cbd5-4a33-8d0f-095d0dcc2faa",
          "title": "Lambda function 1",
          "fullFile": "C:\\Users\\pablo\\Desktop\\Coding\\JobingCode\\arc-mocha-sandbox\\tests\\testOne.test.js",
          "file": "\\tests\\testOne.test.js",
          "beforeHooks": [
            {
              "title": "\"before all\" hook in \"Lambda function 1\"",
              "fullTitle": "Lambda function 1 \"before all\" hook in \"Lambda function 1\"",
              "timedOut": false,
              "duration": 136,
              "state": null,
              "speed": null,
              "pass": false,
              "fail": false,
              "pending": false,
              "context": null,
              "code": "await sandbox.start();",
              "err": {},
              "uuid": "1b2a8e3a-959a-4b59-a226-5d673663d1dd",
              "parentUUID": "8ffd9960-cbd5-4a33-8d0f-095d0dcc2faa",
              "isHook": true,
              "skipped": false
            }
          ],
          "afterHooks": [
            {
              "title": "\"after all\" hook in \"Lambda function 1\"",
              "fullTitle": "Lambda function 1 \"after all\" hook in \"Lambda function 1\"",
              "timedOut": false,
              "duration": 2,
              "state": null,
              "speed": null,
              "pass": false,
              "fail": false,
              "pending": false,
              "context": null,
              "code": "await sandbox.end();",
              "err": {},
              "uuid": "9a5a0793-75ea-47f5-82ae-d9164d0387d1",
              "parentUUID": "8ffd9960-cbd5-4a33-8d0f-095d0dcc2faa",
              "isHook": true,
              "skipped": false
            }
          ],
          "tests": [
            {
              "title": "should return a response with status code 200",
              "fullTitle": "Lambda function 1 should return a response with status code 200",
              "timedOut": false,
              "duration": 161,
              "state": "passed",
              "speed": "slow",
              "pass": true,
              "fail": false,
              "pending": false,
              "context": null,
              "code": "const response = await axios.get('http://localhost:3333'); // Modify this line\nassert.strictEqual(response.status, 200); // Modify this line",
              "err": {},
              "uuid": "6cbcf7e1-f778-48eb-8b27-6469e11d9d5d",
              "parentUUID": "8ffd9960-cbd5-4a33-8d0f-095d0dcc2faa",
              "isHook": false,
              "skipped": false
            }
          ],
          "suites": [],
          "passes": [
            "6cbcf7e1-f778-48eb-8b27-6469e11d9d5d"
          ],
          "failures": [],
          "pending": [],
          "skipped": [],
          "duration": 161,
          "root": false,
          "rootEmpty": false,
          "_timeout": 2000
        }
      ],
      "passes": [],
      "failures": [],
      "pending": [],
      "skipped": [],
      "duration": 0,
      "root": true,
      "rootEmpty": true,
      "_timeout": 2000
    }
  ],
  "meta": {
    "mocha": {
      "version": "10.4.0"
    },
    "mochawesome": {
      "options": {
        "quiet": false,
        "reportFilename": "mochawesome",
        "saveHtml": true,
        "saveJson": true,
        "consoleReporter": "spec",
        "useInlineDiffs": false,
        "code": true
      },
      "version": "7.1.3"
    },
    "marge": {
      "options": null,
      "version": "6.2.0"
    }
  }
}